<?xml version="1.0" encoding="UTF-8"?>
<testsuites name="jest tests" tests="51" failures="7" errors="0" time="2.271">
  <testsuite name="markupMultiplicador" errors="0" failures="0" skipped="0" timestamp="2025-05-29T23:05:58" time="0.508" tests="4">
    <testcase classname="markupMultiplicador deve retornar erro 400 se faltar campo obrigatório" name="markupMultiplicador deve retornar erro 400 se faltar campo obrigatório" time="0.009">
    </testcase>
    <testcase classname="markupMultiplicador deve retornar erro 400 se soma de percentuais ≥ 100%" name="markupMultiplicador deve retornar erro 400 se soma de percentuais ≥ 100%" time="0.001">
    </testcase>
    <testcase classname="markupMultiplicador calcula corretamente markup e preço de venda" name="markupMultiplicador calcula corretamente markup e preço de venda" time="0.001">
    </testcase>
    <testcase classname="markupMultiplicador markup = 1 e precoVenda = custo quando percentuais = 0" name="markupMultiplicador markup = 1 e precoVenda = custo quando percentuais = 0" time="0">
    </testcase>
  </testsuite>
  <testsuite name="Função calcularAposentadoria" errors="0" failures="0" skipped="0" timestamp="2025-05-29T23:05:58" time="0.679" tests="28">
    <testcase classname="Função calcularAposentadoria Mulher que já pode se aposentar" name="Função calcularAposentadoria Mulher que já pode se aposentar" time="0.011">
    </testcase>
    <testcase classname="Função calcularAposentadoria Homem que já pode se aposentar" name="Função calcularAposentadoria Homem que já pode se aposentar" time="0.001">
    </testcase>
    <testcase classname="Função calcularAposentadoria Mulher que não pode se aposentar por idade" name="Função calcularAposentadoria Mulher que não pode se aposentar por idade" time="0.001">
    </testcase>
    <testcase classname="Função calcularAposentadoria Homem que não pode se aposentar por contribuição" name="Função calcularAposentadoria Homem que não pode se aposentar por contribuição" time="0.001">
    </testcase>
    <testcase classname="Função calcularAposentadoria Mulher que não pode se aposentar por idade e contribuição" name="Função calcularAposentadoria Mulher que não pode se aposentar por idade e contribuição" time="0.001">
    </testcase>
    <testcase classname="Função calcularAposentadoria Idade negativa" name="Função calcularAposentadoria Idade negativa" time="0.001">
    </testcase>
    <testcase classname="Função calcularAposentadoria Contribuição negativa" name="Função calcularAposentadoria Contribuição negativa" time="0">
    </testcase>
    <testcase classname="Função calcularPontuacao Mulher que já pode se aposentar por pontuação" name="Função calcularPontuacao Mulher que já pode se aposentar por pontuação" time="0.001">
    </testcase>
    <testcase classname="Função calcularPontuacao Homem que já pode se aposentar por pontuação" name="Função calcularPontuacao Homem que já pode se aposentar por pontuação" time="0.001">
    </testcase>
    <testcase classname="Função calcularPontuacao Mulher que faltam anos para atingir a pontuação" name="Função calcularPontuacao Mulher que faltam anos para atingir a pontuação" time="0">
    </testcase>
    <testcase classname="Função calcularPontuacao Homem que faltam anos para atingir a pontuação" name="Função calcularPontuacao Homem que faltam anos para atingir a pontuação" time="0.001">
    </testcase>
    <testcase classname="Função calcularPontuacao Homem com idade baixa mas alta contribuição, faltando poucos anos" name="Função calcularPontuacao Homem com idade baixa mas alta contribuição, faltando poucos anos" time="0">
    </testcase>
    <testcase classname="Função calcularPontuacao Idade negativa deve retornar erro" name="Função calcularPontuacao Idade negativa deve retornar erro" time="0.001">
    </testcase>
    <testcase classname="Função calcularPontuacao Contribuição negativa deve retornar erro" name="Função calcularPontuacao Contribuição negativa deve retornar erro" time="0.001">
    </testcase>
    <testcase classname="Função calcularPontuacao Sexo inválido deve retornar erro" name="Função calcularPontuacao Sexo inválido deve retornar erro" time="0">
    </testcase>
    <testcase classname="Função calcularPontuacao Dados incompletos (idade faltando) deve retornar erro" name="Função calcularPontuacao Dados incompletos (idade faltando) deve retornar erro" time="0.001">
    </testcase>
    <testcase classname="Função calcularPontuacao Dados incompletos (contribuicao faltando) deve retornar erro" name="Função calcularPontuacao Dados incompletos (contribuicao faltando) deve retornar erro" time="0">
    </testcase>
    <testcase classname="Função calcularPontuacao Mulher com pontuação exata no limite (100)" name="Função calcularPontuacao Mulher com pontuação exata no limite (100)" time="0">
    </testcase>
    <testcase classname="Função calcularPontuacao Homem com pontuação exata no limite (105)" name="Função calcularPontuacao Homem com pontuação exata no limite (105)" time="0.001">
    </testcase>
    <testcase classname="Rotas de Histórico Deve registrar uma operação no histórico" name="Rotas de Histórico Deve registrar uma operação no histórico" time="0.001">
    </testcase>
    <testcase classname="Rotas de Histórico Deve filtrar histórico por tipo" name="Rotas de Histórico Deve filtrar histórico por tipo" time="0.001">
    </testcase>
    <testcase classname="Rotas de Histórico Deve limitar o histórico a 100 operações" name="Rotas de Histórico Deve limitar o histórico a 100 operações" time="0.004">
    </testcase>
    <testcase classname="Rotas de Histórico Deve ordenar histórico do mais recente para o mais antigo" name="Rotas de Histórico Deve ordenar histórico do mais recente para o mais antigo" time="0.122">
    </testcase>
    <testcase classname="Rotas de Histórico Deve registrar diferentes tipos de operações" name="Rotas de Histórico Deve registrar diferentes tipos de operações" time="0.001">
    </testcase>
    <testcase classname="Função calcularTempoAposentadoria Pessoa que já pode se aposentar" name="Função calcularTempoAposentadoria Pessoa que já pode se aposentar" time="0">
    </testcase>
    <testcase classname="Função calcularTempoAposentadoria Pessoa que falta tempo para idade mínima" name="Função calcularTempoAposentadoria Pessoa que falta tempo para idade mínima" time="0">
    </testcase>
    <testcase classname="Função calcularTempoAposentadoria Pessoa que falta tempo de contribuição" name="Função calcularTempoAposentadoria Pessoa que falta tempo de contribuição" time="0">
    </testcase>
    <testcase classname="Função calcularTempoAposentadoria Dados incompletos" name="Função calcularTempoAposentadoria Dados incompletos" time="0.001">
    </testcase>
  </testsuite>
  <testsuite name="Teste de cálculo de piscina" errors="0" failures="6" skipped="0" timestamp="2025-05-29T23:05:58" time="1.118" tests="6">
    <testcase classname="Teste de cálculo de piscina Calcula corretamente os valores" name="Teste de cálculo de piscina Calcula corretamente os valores" time="0.01">
      <failure>Error: expect(received).toBe(expected) // Object.is equality

Expected: &quot;30.00 m³&quot;
Received: undefined
    at Object.toBe (C:\Users\guilh\Downloads\GCEIC25-Grupo5-6\api\tests\piscina3Service.test.js:21:30)
    at Promise.then.completed (C:\Users\guilh\Downloads\GCEIC25-Grupo5-6\api\node_modules\jest-circus\build\utils.js:298:28)
    at new Promise (&lt;anonymous&gt;)
    at callAsyncCircusFn (C:\Users\guilh\Downloads\GCEIC25-Grupo5-6\api\node_modules\jest-circus\build\utils.js:231:10)
    at _callCircusTest (C:\Users\guilh\Downloads\GCEIC25-Grupo5-6\api\node_modules\jest-circus\build\run.js:316:40)
    at processTicksAndRejections (node:internal/process/task_queues:105:5)
    at _runTest (C:\Users\guilh\Downloads\GCEIC25-Grupo5-6\api\node_modules\jest-circus\build\run.js:252:3)
    at _runTestsForDescribeBlock (C:\Users\guilh\Downloads\GCEIC25-Grupo5-6\api\node_modules\jest-circus\build\run.js:126:9)
    at _runTestsForDescribeBlock (C:\Users\guilh\Downloads\GCEIC25-Grupo5-6\api\node_modules\jest-circus\build\run.js:121:9)
    at run (C:\Users\guilh\Downloads\GCEIC25-Grupo5-6\api\node_modules\jest-circus\build\run.js:71:3)
    at runAndTransformResultsToJestFormat (C:\Users\guilh\Downloads\GCEIC25-Grupo5-6\api\node_modules\jest-circus\build\legacy-code-todo-rewrite\jestAdapterInit.js:122:21)
    at jestAdapter (C:\Users\guilh\Downloads\GCEIC25-Grupo5-6\api\node_modules\jest-circus\build\legacy-code-todo-rewrite\jestAdapter.js:79:19)
    at runTestInternal (C:\Users\guilh\Downloads\GCEIC25-Grupo5-6\api\node_modules\jest-runner\build\runTest.js:367:16)
    at runTest (C:\Users\guilh\Downloads\GCEIC25-Grupo5-6\api\node_modules\jest-runner\build\runTest.js:444:34)
    at Object.worker (C:\Users\guilh\Downloads\GCEIC25-Grupo5-6\api\node_modules\jest-runner\build\testWorker.js:106:12)</failure>
    </testcase>
    <testcase classname="Teste da rota POST /login Login com credenciais válidas retorna 200" name="Teste da rota POST /login Login com credenciais válidas retorna 200" time="0.001">
      <failure>TypeError: request is not a function
    at Object.request (C:\Users\guilh\Downloads\GCEIC25-Grupo5-6\api\tests\piscina3Service.test.js:36:28)
    at Promise.then.completed (C:\Users\guilh\Downloads\GCEIC25-Grupo5-6\api\node_modules\jest-circus\build\utils.js:298:28)
    at new Promise (&lt;anonymous&gt;)
    at callAsyncCircusFn (C:\Users\guilh\Downloads\GCEIC25-Grupo5-6\api\node_modules\jest-circus\build\utils.js:231:10)
    at _callCircusTest (C:\Users\guilh\Downloads\GCEIC25-Grupo5-6\api\node_modules\jest-circus\build\run.js:316:40)
    at processTicksAndRejections (node:internal/process/task_queues:105:5)
    at _runTest (C:\Users\guilh\Downloads\GCEIC25-Grupo5-6\api\node_modules\jest-circus\build\run.js:252:3)
    at _runTestsForDescribeBlock (C:\Users\guilh\Downloads\GCEIC25-Grupo5-6\api\node_modules\jest-circus\build\run.js:126:9)
    at _runTestsForDescribeBlock (C:\Users\guilh\Downloads\GCEIC25-Grupo5-6\api\node_modules\jest-circus\build\run.js:121:9)
    at run (C:\Users\guilh\Downloads\GCEIC25-Grupo5-6\api\node_modules\jest-circus\build\run.js:71:3)
    at runAndTransformResultsToJestFormat (C:\Users\guilh\Downloads\GCEIC25-Grupo5-6\api\node_modules\jest-circus\build\legacy-code-todo-rewrite\jestAdapterInit.js:122:21)
    at jestAdapter (C:\Users\guilh\Downloads\GCEIC25-Grupo5-6\api\node_modules\jest-circus\build\legacy-code-todo-rewrite\jestAdapter.js:79:19)
    at runTestInternal (C:\Users\guilh\Downloads\GCEIC25-Grupo5-6\api\node_modules\jest-runner\build\runTest.js:367:16)
    at runTest (C:\Users\guilh\Downloads\GCEIC25-Grupo5-6\api\node_modules\jest-runner\build\runTest.js:444:34)
    at Object.worker (C:\Users\guilh\Downloads\GCEIC25-Grupo5-6\api\node_modules\jest-runner\build\testWorker.js:106:12)</failure>
    </testcase>
    <testcase classname="Teste da rota POST /login Login com credenciais inválidas retorna 401" name="Teste da rota POST /login Login com credenciais inválidas retorna 401" time="0">
      <failure>TypeError: request is not a function
    at Object.request (C:\Users\guilh\Downloads\GCEIC25-Grupo5-6\api\tests\piscina3Service.test.js:50:28)
    at Promise.then.completed (C:\Users\guilh\Downloads\GCEIC25-Grupo5-6\api\node_modules\jest-circus\build\utils.js:298:28)
    at new Promise (&lt;anonymous&gt;)
    at callAsyncCircusFn (C:\Users\guilh\Downloads\GCEIC25-Grupo5-6\api\node_modules\jest-circus\build\utils.js:231:10)
    at _callCircusTest (C:\Users\guilh\Downloads\GCEIC25-Grupo5-6\api\node_modules\jest-circus\build\run.js:316:40)
    at processTicksAndRejections (node:internal/process/task_queues:105:5)
    at _runTest (C:\Users\guilh\Downloads\GCEIC25-Grupo5-6\api\node_modules\jest-circus\build\run.js:252:3)
    at _runTestsForDescribeBlock (C:\Users\guilh\Downloads\GCEIC25-Grupo5-6\api\node_modules\jest-circus\build\run.js:126:9)
    at _runTestsForDescribeBlock (C:\Users\guilh\Downloads\GCEIC25-Grupo5-6\api\node_modules\jest-circus\build\run.js:121:9)
    at run (C:\Users\guilh\Downloads\GCEIC25-Grupo5-6\api\node_modules\jest-circus\build\run.js:71:3)
    at runAndTransformResultsToJestFormat (C:\Users\guilh\Downloads\GCEIC25-Grupo5-6\api\node_modules\jest-circus\build\legacy-code-todo-rewrite\jestAdapterInit.js:122:21)
    at jestAdapter (C:\Users\guilh\Downloads\GCEIC25-Grupo5-6\api\node_modules\jest-circus\build\legacy-code-todo-rewrite\jestAdapter.js:79:19)
    at runTestInternal (C:\Users\guilh\Downloads\GCEIC25-Grupo5-6\api\node_modules\jest-runner\build\runTest.js:367:16)
    at runTest (C:\Users\guilh\Downloads\GCEIC25-Grupo5-6\api\node_modules\jest-runner\build\runTest.js:444:34)
    at Object.worker (C:\Users\guilh\Downloads\GCEIC25-Grupo5-6\api\node_modules\jest-runner\build\testWorker.js:106:12)</failure>
    </testcase>
    <testcase classname="Teste da rota POST /sobre Retorna a URL da imagem corretamente" name="Teste da rota POST /sobre Retorna a URL da imagem corretamente" time="0">
      <failure>TypeError: request is not a function
    at Object.request (C:\Users\guilh\Downloads\GCEIC25-Grupo5-6\api\tests\piscina3Service.test.js:62:28)
    at Promise.then.completed (C:\Users\guilh\Downloads\GCEIC25-Grupo5-6\api\node_modules\jest-circus\build\utils.js:298:28)
    at new Promise (&lt;anonymous&gt;)
    at callAsyncCircusFn (C:\Users\guilh\Downloads\GCEIC25-Grupo5-6\api\node_modules\jest-circus\build\utils.js:231:10)
    at _callCircusTest (C:\Users\guilh\Downloads\GCEIC25-Grupo5-6\api\node_modules\jest-circus\build\run.js:316:40)
    at processTicksAndRejections (node:internal/process/task_queues:105:5)
    at _runTest (C:\Users\guilh\Downloads\GCEIC25-Grupo5-6\api\node_modules\jest-circus\build\run.js:252:3)
    at _runTestsForDescribeBlock (C:\Users\guilh\Downloads\GCEIC25-Grupo5-6\api\node_modules\jest-circus\build\run.js:126:9)
    at _runTestsForDescribeBlock (C:\Users\guilh\Downloads\GCEIC25-Grupo5-6\api\node_modules\jest-circus\build\run.js:121:9)
    at run (C:\Users\guilh\Downloads\GCEIC25-Grupo5-6\api\node_modules\jest-circus\build\run.js:71:3)
    at runAndTransformResultsToJestFormat (C:\Users\guilh\Downloads\GCEIC25-Grupo5-6\api\node_modules\jest-circus\build\legacy-code-todo-rewrite\jestAdapterInit.js:122:21)
    at jestAdapter (C:\Users\guilh\Downloads\GCEIC25-Grupo5-6\api\node_modules\jest-circus\build\legacy-code-todo-rewrite\jestAdapter.js:79:19)
    at runTestInternal (C:\Users\guilh\Downloads\GCEIC25-Grupo5-6\api\node_modules\jest-runner\build\runTest.js:367:16)
    at runTest (C:\Users\guilh\Downloads\GCEIC25-Grupo5-6\api\node_modules\jest-runner\build\runTest.js:444:34)
    at Object.worker (C:\Users\guilh\Downloads\GCEIC25-Grupo5-6\api\node_modules\jest-runner\build\testWorker.js:106:12)</failure>
    </testcase>
    <testcase classname="Teste da rota POST /MOB3/splash Retorna sucesso e mensagem da splash screen" name="Teste da rota POST /MOB3/splash Retorna sucesso e mensagem da splash screen" time="0.001">
      <failure>TypeError: request is not a function
    at Object.request (C:\Users\guilh\Downloads\GCEIC25-Grupo5-6\api\tests\piscina3Service.test.js:73:28)
    at Promise.then.completed (C:\Users\guilh\Downloads\GCEIC25-Grupo5-6\api\node_modules\jest-circus\build\utils.js:298:28)
    at new Promise (&lt;anonymous&gt;)
    at callAsyncCircusFn (C:\Users\guilh\Downloads\GCEIC25-Grupo5-6\api\node_modules\jest-circus\build\utils.js:231:10)
    at _callCircusTest (C:\Users\guilh\Downloads\GCEIC25-Grupo5-6\api\node_modules\jest-circus\build\run.js:316:40)
    at processTicksAndRejections (node:internal/process/task_queues:105:5)
    at _runTest (C:\Users\guilh\Downloads\GCEIC25-Grupo5-6\api\node_modules\jest-circus\build\run.js:252:3)
    at _runTestsForDescribeBlock (C:\Users\guilh\Downloads\GCEIC25-Grupo5-6\api\node_modules\jest-circus\build\run.js:126:9)
    at _runTestsForDescribeBlock (C:\Users\guilh\Downloads\GCEIC25-Grupo5-6\api\node_modules\jest-circus\build\run.js:121:9)
    at run (C:\Users\guilh\Downloads\GCEIC25-Grupo5-6\api\node_modules\jest-circus\build\run.js:71:3)
    at runAndTransformResultsToJestFormat (C:\Users\guilh\Downloads\GCEIC25-Grupo5-6\api\node_modules\jest-circus\build\legacy-code-todo-rewrite\jestAdapterInit.js:122:21)
    at jestAdapter (C:\Users\guilh\Downloads\GCEIC25-Grupo5-6\api\node_modules\jest-circus\build\legacy-code-todo-rewrite\jestAdapter.js:79:19)
    at runTestInternal (C:\Users\guilh\Downloads\GCEIC25-Grupo5-6\api\node_modules\jest-runner\build\runTest.js:367:16)
    at runTest (C:\Users\guilh\Downloads\GCEIC25-Grupo5-6\api\node_modules\jest-runner\build\runTest.js:444:34)
    at Object.worker (C:\Users\guilh\Downloads\GCEIC25-Grupo5-6\api\node_modules\jest-runner\build\testWorker.js:106:12)</failure>
    </testcase>
    <testcase classname="Teste da rota GET /ajuda Retorna o texto de ajuda corretamente" name="Teste da rota GET /ajuda Retorna o texto de ajuda corretamente" time="0">
      <failure>TypeError: request is not a function
    at Object.request (C:\Users\guilh\Downloads\GCEIC25-Grupo5-6\api\tests\piscina3Service.test.js:85:28)
    at Promise.then.completed (C:\Users\guilh\Downloads\GCEIC25-Grupo5-6\api\node_modules\jest-circus\build\utils.js:298:28)
    at new Promise (&lt;anonymous&gt;)
    at callAsyncCircusFn (C:\Users\guilh\Downloads\GCEIC25-Grupo5-6\api\node_modules\jest-circus\build\utils.js:231:10)
    at _callCircusTest (C:\Users\guilh\Downloads\GCEIC25-Grupo5-6\api\node_modules\jest-circus\build\run.js:316:40)
    at processTicksAndRejections (node:internal/process/task_queues:105:5)
    at _runTest (C:\Users\guilh\Downloads\GCEIC25-Grupo5-6\api\node_modules\jest-circus\build\run.js:252:3)
    at _runTestsForDescribeBlock (C:\Users\guilh\Downloads\GCEIC25-Grupo5-6\api\node_modules\jest-circus\build\run.js:126:9)
    at _runTestsForDescribeBlock (C:\Users\guilh\Downloads\GCEIC25-Grupo5-6\api\node_modules\jest-circus\build\run.js:121:9)
    at run (C:\Users\guilh\Downloads\GCEIC25-Grupo5-6\api\node_modules\jest-circus\build\run.js:71:3)
    at runAndTransformResultsToJestFormat (C:\Users\guilh\Downloads\GCEIC25-Grupo5-6\api\node_modules\jest-circus\build\legacy-code-todo-rewrite\jestAdapterInit.js:122:21)
    at jestAdapter (C:\Users\guilh\Downloads\GCEIC25-Grupo5-6\api\node_modules\jest-circus\build\legacy-code-todo-rewrite\jestAdapter.js:79:19)
    at runTestInternal (C:\Users\guilh\Downloads\GCEIC25-Grupo5-6\api\node_modules\jest-runner\build\runTest.js:367:16)
    at runTest (C:\Users\guilh\Downloads\GCEIC25-Grupo5-6\api\node_modules\jest-runner\build\runTest.js:444:34)
    at Object.worker (C:\Users\guilh\Downloads\GCEIC25-Grupo5-6\api\node_modules\jest-runner\build\testWorker.js:106:12)</failure>
    </testcase>
  </testsuite>
  <testsuite name="Testa rota de cálculo de ISS" errors="0" failures="0" skipped="0" timestamp="2025-05-29T23:05:58" time="1.193" tests="3">
    <testcase classname="Testa rota de cálculo de ISS deve calcular corretamente o ISS" name="Testa rota de cálculo de ISS deve calcular corretamente o ISS" time="0.04">
    </testcase>
    <testcase classname="Testa rota de cálculo de ISS deve retornar erro se faltar campos" name="Testa rota de cálculo de ISS deve retornar erro se faltar campos" time="0.005">
    </testcase>
    <testcase classname="Testa rota de cálculo de ISS deve retornar erro se os valores não forem numéricos" name="Testa rota de cálculo de ISS deve retornar erro se os valores não forem numéricos" time="0.006">
    </testcase>
  </testsuite>
  <testsuite name="Testa rota de cálculo de ICMS" errors="0" failures="0" skipped="0" timestamp="2025-05-29T23:05:59" time="0.553" tests="2">
    <testcase classname="Testa rota de cálculo de ICMS deve calcular corretamente o ICMS" name="Testa rota de cálculo de ICMS deve calcular corretamente o ICMS" time="0.033">
    </testcase>
    <testcase classname="Testa rota de cálculo de ICMS deve retornar erro se faltar campos" name="Testa rota de cálculo de ICMS deve retornar erro se faltar campos" time="0.007">
    </testcase>
  </testsuite>
  <testsuite name="Testa rota de cálculo de IPI" errors="0" failures="0" skipped="0" timestamp="2025-05-29T23:05:59" time="0.925" tests="3">
    <testcase classname="Testa rota de cálculo de IPI deve calcular corretamente o IPI com valorProduto e aliquotaIPI" name="Testa rota de cálculo de IPI deve calcular corretamente o IPI com valorProduto e aliquotaIPI" time="0.035">
    </testcase>
    <testcase classname="Testa rota de cálculo de IPI deve calcular corretamente o IPI incluindo frete e despesas acessórias" name="Testa rota de cálculo de IPI deve calcular corretamente o IPI incluindo frete e despesas acessórias" time="0.005">
    </testcase>
    <testcase classname="Testa rota de cálculo de IPI deve retornar erro se faltar campos obrigatórios" name="Testa rota de cálculo de IPI deve retornar erro se faltar campos obrigatórios" time="0.004">
    </testcase>
  </testsuite>
  <testsuite name="Testa rota de cálculo de IRPJ" errors="0" failures="1" skipped="0" timestamp="2025-05-29T23:05:58" time="1.458" tests="5">
    <testcase classname="Testa rota de cálculo de IRPJ deve calcular corretamente o IRPJ no regime de Lucro Real (abaixo do limite)" name="Testa rota de cálculo de IRPJ deve calcular corretamente o IRPJ no regime de Lucro Real (abaixo do limite)" time="0.037">
      <failure>Error: listen EADDRINUSE: address already in use :::3000
    at Server.setupListenHandle [as _listen2] (node:net:1939:16)
    at listenInCluster (node:net:1996:12)
    at Server.listen (node:net:2101:7)
    at Function.listen (C:\Users\guilh\Downloads\GCEIC25-Grupo5-6\api\node_modules\express\lib\application.js:635:24)
    at Object.listen (C:\Users\guilh\Downloads\GCEIC25-Grupo5-6\api\server.js:40:5)
    at Runtime._execModule (C:\Users\guilh\Downloads\GCEIC25-Grupo5-6\api\node_modules\jest-runtime\build\index.js:1439:24)
    at Runtime._loadModule (C:\Users\guilh\Downloads\GCEIC25-Grupo5-6\api\node_modules\jest-runtime\build\index.js:1022:12)
    at Runtime.requireModule (C:\Users\guilh\Downloads\GCEIC25-Grupo5-6\api\node_modules\jest-runtime\build\index.js:882:12)
    at Runtime.requireModuleOrMock (C:\Users\guilh\Downloads\GCEIC25-Grupo5-6\api\node_modules\jest-runtime\build\index.js:1048:21)
    at Object.require (C:\Users\guilh\Downloads\GCEIC25-Grupo5-6\api\tests\irpj.test.js:2:13)
    at Runtime._execModule (C:\Users\guilh\Downloads\GCEIC25-Grupo5-6\api\node_modules\jest-runtime\build\index.js:1439:24)
    at Runtime._loadModule (C:\Users\guilh\Downloads\GCEIC25-Grupo5-6\api\node_modules\jest-runtime\build\index.js:1022:12)
    at Runtime.requireModule (C:\Users\guilh\Downloads\GCEIC25-Grupo5-6\api\node_modules\jest-runtime\build\index.js:882:12)
    at jestAdapter (C:\Users\guilh\Downloads\GCEIC25-Grupo5-6\api\node_modules\jest-circus\build\legacy-code-todo-rewrite\jestAdapter.js:77:13)
    at processTicksAndRejections (node:internal/process/task_queues:105:5)
    at runTestInternal (C:\Users\guilh\Downloads\GCEIC25-Grupo5-6\api\node_modules\jest-runner\build\runTest.js:367:16)
    at runTest (C:\Users\guilh\Downloads\GCEIC25-Grupo5-6\api\node_modules\jest-runner\build\runTest.js:444:34)
    at Object.worker (C:\Users\guilh\Downloads\GCEIC25-Grupo5-6\api\node_modules\jest-runner\build\testWorker.js:106:12)</failure>
    </testcase>
    <testcase classname="Testa rota de cálculo de IRPJ deve calcular corretamente o IRPJ no regime de Lucro Real (acima do limite)" name="Testa rota de cálculo de IRPJ deve calcular corretamente o IRPJ no regime de Lucro Real (acima do limite)" time="0.008">
    </testcase>
    <testcase classname="Testa rota de cálculo de IRPJ deve calcular corretamente o IRPJ no regime de Lucro Presumido" name="Testa rota de cálculo de IRPJ deve calcular corretamente o IRPJ no regime de Lucro Presumido" time="0.005">
    </testcase>
    <testcase classname="Testa rota de cálculo de IRPJ deve retornar erro se faltar campo obrigatório" name="Testa rota de cálculo de IRPJ deve retornar erro se faltar campo obrigatório" time="0.004">
    </testcase>
    <testcase classname="Testa rota de cálculo de IRPJ deve retornar erro se valor não for numérico" name="Testa rota de cálculo de IRPJ deve retornar erro se valor não for numérico" time="0.004">
    </testcase>
  </testsuite>
</testsuites>