<?xml version="1.0" encoding="UTF-8"?>
<testsuites name="jest tests" tests="4" failures="0" errors="0" time="0.589">
  <testsuite name="Testes da rota /calcular-volume" errors="0" failures="0" skipped="0" timestamp="2025-05-28T22:55:37" time="0.551" tests="4">
    <testcase classname="Testes da rota /calcular-volume Deve calcular volume de piscina retangular corretamente" name="Testes da rota /calcular-volume Deve calcular volume de piscina retangular corretamente" time="0.048">
    </testcase>
    <testcase classname="Testes da rota /calcular-volume Deve retornar erro se faltar tipo de piscina" name="Testes da rota /calcular-volume Deve retornar erro se faltar tipo de piscina" time="0.006">
    </testcase>
    <testcase classname="Testes da rota /login Deve realizar login com sucesso usando credenciais válidas" name="Testes da rota /login Deve realizar login com sucesso usando credenciais válidas" time="0.002">
    </testcase>
    <testcase classname="Testes da rota /login Deve falhar no login com credenciais inválidas" name="Testes da rota /login Deve falhar no login com credenciais inválidas" time="0.002">
    </testcase>
  </testsuite>
</testsuites>